Forked child 0
Forked child 1
Forked child 2
Forked child 3
Forked child 4
Forked child 5
Forked child 6
+DT:aes-256-cbc:15:16
+DT:aes-256-cbc:15:16
+DT:aes-256-cbc:15:16
+DT:aes-256-cbc:15:16
+DT:aes-256-cbc:15:16
+DT:aes-256-cbc:15:16
+DT:aes-256-cbc:15:16
+DT:aes-256-cbc:15:16
+R:135545493:aes-256-cbc:15.000000
+DT:aes-256-cbc:15:64
+R:136826304:aes-256-cbc:15.010000
+DT:aes-256-cbc:15:64
+R:137851276:aes-256-cbc:15.010000
+DT:aes-256-cbc:15:64
+R:135589744:aes-256-cbc:15.000000
+DT:aes-256-cbc:15:64
+R:136864938:aes-256-cbc:15.010000
+R:136912245:aes-256-cbc:15.010000
+DT:aes-256-cbc:15:64
+DT:aes-256-cbc:15:64
+R:139382367:aes-256-cbc:15.000000
+DT:aes-256-cbc:15:64
+R:136611627:aes-256-cbc:15.020000
+DT:aes-256-cbc:15:64
+R:45493193:aes-256-cbc:15.000000
+DT:aes-256-cbc:15:256
+R:43699505:aes-256-cbc:15.000000
+DT:aes-256-cbc:15:256
+R:41578475:aes-256-cbc:15.000000
+DT:aes-256-cbc:15:256
+R:41549492:aes-256-cbc:15.000000
+DT:aes-256-cbc:15:256
+R:42681194:aes-256-cbc:15.000000
+DT:aes-256-cbc:15:256
+R:44036365:aes-256-cbc:15.000000
+DT:aes-256-cbc:15:256
+R:42091355:aes-256-cbc:15.010000
+DT:aes-256-cbc:15:256
+R:42555696:aes-256-cbc:15.000000
+DT:aes-256-cbc:15:256
+R:10916574:aes-256-cbc:15.020000
+DT:aes-256-cbc:15:1024
+R:10967683:aes-256-cbc:15.000000
+DT:aes-256-cbc:15:1024
+R:10776966:aes-256-cbc:15.000000
+DT:aes-256-cbc:15:1024
+R:11033249:aes-256-cbc:15.000000
+DT:aes-256-cbc:15:1024
+R:10943040:aes-256-cbc:15.010000
+DT:aes-256-cbc:15:1024
+R:10771878:aes-256-cbc:15.010000
+DT:aes-256-cbc:15:1024
+R:10912413:aes-256-cbc:15.000000
+DT:aes-256-cbc:15:1024
+R:10961940:aes-256-cbc:15.020000
+DT:aes-256-cbc:15:1024
+R:2740785:aes-256-cbc:15.000000
+DT:aes-256-cbc:15:8192
+R:2764991:aes-256-cbc:15.000000
+DT:aes-256-cbc:15:8192
+R:2754053:aes-256-cbc:15.010000
+R:2798161:aes-256-cbc:15.010000
+DT:aes-256-cbc:15:8192
+DT:aes-256-cbc:15:8192
+R:2748151:aes-256-cbc:15.000000
+DT:aes-256-cbc:15:8192
+R:2761332:aes-256-cbc:15.020000
+DT:aes-256-cbc:15:8192
+R:2742067:aes-256-cbc:15.010000
+DT:aes-256-cbc:15:8192
+R:2771265:aes-256-cbc:15.010000
+DT:aes-256-cbc:15:8192
+R:350761:aes-256-cbc:15.000000
+DT:aes-256-cbc:15:16384
+R:349253:aes-256-cbc:15.010000
+DT:aes-256-cbc:15:16384
+R:359469:aes-256-cbc:15.010000
+DT:aes-256-cbc:15:16384
+R:348419:aes-256-cbc:15.010000
+DT:aes-256-cbc:15:16384
+R:353833:aes-256-cbc:15.010000
+R:349772:aes-256-cbc:15.000000
+DT:aes-256-cbc:15:16384
+DT:aes-256-cbc:15:16384
+R:355028:aes-256-cbc:15.010000
+DT:aes-256-cbc:15:16384
+R:355235:aes-256-cbc:15.010000
+DT:aes-256-cbc:15:16384
+R:195462:aes-256-cbc:15.010000
+R:192091:aes-256-cbc:15.000000
+R:192891:aes-256-cbc:15.010000
+R:192935:aes-256-cbc:15.000000
+R:197331:aes-256-cbc:15.000000
+R:195327:aes-256-cbc:15.010000
+R:192932:aes-256-cbc:15.000000
+R:194112:aes-256-cbc:15.000000
Forked child 7
Got: +H:16:64:256:1024:8192:16384 from 0
Got: +F:21:aes-256-cbc:144581859.20:194104290.13:186061447.67:188756718.93:191562274.13:213354390.94 from 0
Got: +H:16:64:256:1024:8192:16384 from 1
Got: +F:21:aes-256-cbc:148674524.80:187888490.67:183717572.82:187067062.49:191022148.27:215538073.60 from 1
Got: +H:16:64:256:1024:8192:16384 from 2
Got: +F:21:aes-256-cbc:144629060.27:177277832.53:183926886.40:187104256.00:190611630.65:210548044.24 from 2
Got: +H:16:64:256:1024:8192:16384 from 3
Got: +F:21:aes-256-cbc:145942433.04:182106427.73:188300782.93:188255923.30:193763449.43:210733192.53 from 3
Got: +H:16:64:256:1024:8192:16384 from 4
Got: +F:21:aes-256-cbc:145525035.42:181570969.60:186834663.12:189058984.68:193876423.72:212022067.20 from 4
Got: +H:16:64:256:1024:8192:16384 from 5
Got: +F:21:aes-256-cbc:145892005.86:179470134.58:186238515.20:187607108.27:193111254.90:213207033.18 from 5
Got: +H:16:64:256:1024:8192:16384 from 6
Got: +F:21:aes-256-cbc:146943398.80:177401493.33:187181789.87:190893861.69:190156458.89:210736469.33 from 6
Got: +H:16:64:256:1024:8192:16384 from 7
Got: +F:21:aes-256-cbc:145850823.72:186451221.33:186636791.47:187884761.63:196187211.73:209814596.27 from 7
version: 3.0.2
built on: Tue Aug 20 17:27:32 2024 UTC
options: bn(64,64)
compiler: gcc -fPIC -pthread -m64 -Wa,--noexecstack -Wall -Wa,--noexecstack -g -O2 -ffile-prefix-map=/build/openssl-aGUoHt/openssl-3.0.2=. -flto=auto -ffat-lto-objects -flto=auto -ffat-lto-objects -fstack-protector-strong -Wformat -Werror=format-security -DOPENSSL_TLS_SECURITY_LEVEL=2 -DOPENSSL_USE_NODELETE -DL_ENDIAN -DOPENSSL_PIC -DOPENSSL_BUILDING_OPENSSL -DNDEBUG -Wdate-time -D_FORTIFY_SOURCE=2
CPUINFO: OPENSSL_ia32cap=0xfffa3203078bffff:0x400604219c07ab
aes-256-cbc    1168039.14k  1466270.86k  1488898.45k  1506628.68k  1540290.85k  1695953.87k
