Forked child 0
Forked child 1
Forked child 2
Forked child 3
Forked child 4
Forked child 5
Forked child 6
Forked child 7
Forked child 8
Forked child 9
Forked child 10
Forked child 11
Forked child 12
Forked child 13
+DT:aes-256-cbc:15:16
Forked child 14
+DT:aes-256-cbc:15:16
+DT:aes-256-cbc:15:16
+DT:aes-256-cbc:15:16
+DT:aes-256-cbc:15:16
+DT:aes-256-cbc:15:16
+DT:aes-256-cbc:15:16
+DT:aes-256-cbc:15:16
+DT:aes-256-cbc:15:16
+DT:aes-256-cbc:15:16
+DT:aes-256-cbc:15:16
+DT:aes-256-cbc:15:16
+DT:aes-256-cbc:15:16
+DT:aes-256-cbc:15:16
+DT:aes-256-cbc:15:16
+DT:aes-256-cbc:15:16
+R:68287983:aes-256-cbc:15.010000
+R:68055189:aes-256-cbc:15.000000
+DT:aes-256-cbc:15:64
+DT:aes-256-cbc:15:64
+R:67782008:aes-256-cbc:15.000000
+DT:aes-256-cbc:15:64
+R:67402907:aes-256-cbc:15.010000
+DT:aes-256-cbc:15:64
+R:68035185:aes-256-cbc:15.000000
+DT:aes-256-cbc:15:64
+R:67459399:aes-256-cbc:15.030000
+R:67887270:aes-256-cbc:15.010000
+DT:aes-256-cbc:15:64
+DT:aes-256-cbc:15:64
+R:68031907:aes-256-cbc:15.020000
+R:67289291:aes-256-cbc:15.010000
+DT:aes-256-cbc:15:64
+DT:aes-256-cbc:15:64
+R:68225524:aes-256-cbc:15.010000
+DT:aes-256-cbc:15:64
+R:67822434:aes-256-cbc:15.000000
+DT:aes-256-cbc:15:64
+R:67351750:aes-256-cbc:15.030000
+DT:aes-256-cbc:15:64
+R:69873220:aes-256-cbc:15.030000
+DT:aes-256-cbc:15:64
+R:68401440:aes-256-cbc:15.020000
+DT:aes-256-cbc:15:64
+R:67326847:aes-256-cbc:15.020000
+DT:aes-256-cbc:15:64
+R:69295664:aes-256-cbc:15.020000
+DT:aes-256-cbc:15:64
+R:21810221:aes-256-cbc:15.000000
+DT:aes-256-cbc:15:256
+R:22262552:aes-256-cbc:15.000000
+DT:aes-256-cbc:15:256
+R:22007590:aes-256-cbc:15.010000
+DT:aes-256-cbc:15:256
+R:22294244:aes-256-cbc:15.000000
+DT:aes-256-cbc:15:256
+R:22453756:aes-256-cbc:15.000000
+R:22268635:aes-256-cbc:15.020000
+DT:aes-256-cbc:15:256
+DT:aes-256-cbc:15:256
+R:22132827:aes-256-cbc:15.000000
+DT:aes-256-cbc:15:256
+R:22420582:aes-256-cbc:15.000000
+DT:aes-256-cbc:15:256
+R:21802009:aes-256-cbc:15.010000
+DT:aes-256-cbc:15:256
+R:22626221:aes-256-cbc:15.000000
+DT:aes-256-cbc:15:256
+R:22330108:aes-256-cbc:15.020000
+DT:aes-256-cbc:15:256
+R:22162232:aes-256-cbc:15.020000
+DT:aes-256-cbc:15:256
+R:22616611:aes-256-cbc:15.010000
+DT:aes-256-cbc:15:256
+R:22668053:aes-256-cbc:15.030000
+DT:aes-256-cbc:15:256
+R:22914013:aes-256-cbc:15.020000
+DT:aes-256-cbc:15:256
+R:22487495:aes-256-cbc:15.020000
+DT:aes-256-cbc:15:256
+R:5946248:aes-256-cbc:15.010000
+R:6099318:aes-256-cbc:15.010000
+DT:aes-256-cbc:15:1024
+DT:aes-256-cbc:15:1024
+R:6108217:aes-256-cbc:15.020000
+R:6186558:aes-256-cbc:15.010000
+DT:aes-256-cbc:15:1024
+DT:aes-256-cbc:15:1024
+R:6173055:aes-256-cbc:15.010000
+DT:aes-256-cbc:15:1024
+R:6088664:aes-256-cbc:15.020000
+R:6001284:aes-256-cbc:15.010000
+DT:aes-256-cbc:15:1024
+DT:aes-256-cbc:15:1024
+R:6062465:aes-256-cbc:15.010000
+R:6008023:aes-256-cbc:15.020000
+DT:aes-256-cbc:15:1024
+DT:aes-256-cbc:15:1024
+R:6094059:aes-256-cbc:15.000000
+DT:aes-256-cbc:15:1024
+R:6113653:aes-256-cbc:15.030000
+DT:aes-256-cbc:15:1024
+R:6147226:aes-256-cbc:15.000000
+R:6189127:aes-256-cbc:15.020000
+DT:aes-256-cbc:15:1024
+DT:aes-256-cbc:15:1024
+R:6288137:aes-256-cbc:15.010000
+DT:aes-256-cbc:15:1024
+R:6174161:aes-256-cbc:15.020000
+DT:aes-256-cbc:15:1024
+R:6080688:aes-256-cbc:15.030000
+DT:aes-256-cbc:15:1024
+R:1594158:aes-256-cbc:15.000000
+DT:aes-256-cbc:15:8192
+R:1534759:aes-256-cbc:15.000000
+DT:aes-256-cbc:15:8192
+R:1519619:aes-256-cbc:15.010000
+DT:aes-256-cbc:15:8192
+R:1538445:aes-256-cbc:15.010000
+DT:aes-256-cbc:15:8192
+R:1558095:aes-256-cbc:15.000000
+DT:aes-256-cbc:15:8192
+R:1512095:aes-256-cbc:15.020000
+DT:aes-256-cbc:15:8192
+R:1489011:aes-256-cbc:15.000000
+DT:aes-256-cbc:15:8192
+R:1520595:aes-256-cbc:15.020000
+DT:aes-256-cbc:15:8192
+R:1548033:aes-256-cbc:15.010000
+DT:aes-256-cbc:15:8192
+R:1522928:aes-256-cbc:15.020000
+R:1532297:aes-256-cbc:15.020000
+DT:aes-256-cbc:15:8192
+DT:aes-256-cbc:15:8192
+R:1530694:aes-256-cbc:15.010000
+DT:aes-256-cbc:15:8192
+R:1514273:aes-256-cbc:15.020000
+DT:aes-256-cbc:15:8192
+R:1531714:aes-256-cbc:15.030000
+DT:aes-256-cbc:15:8192
+R:1533450:aes-256-cbc:15.000000
+DT:aes-256-cbc:15:8192
+R:1534652:aes-256-cbc:15.020000
+DT:aes-256-cbc:15:8192
+R:196199:aes-256-cbc:15.000000
+DT:aes-256-cbc:15:16384
+R:197701:aes-256-cbc:15.020000
+DT:aes-256-cbc:15:16384
+R:196897:aes-256-cbc:15.000000
+DT:aes-256-cbc:15:16384
+R:193862:aes-256-cbc:15.030000
+R:195638:aes-256-cbc:15.020000
+DT:aes-256-cbc:15:16384
+DT:aes-256-cbc:15:16384
+R:197865:aes-256-cbc:15.000000
+R:198967:aes-256-cbc:15.020000
+DT:aes-256-cbc:15:16384
+DT:aes-256-cbc:15:16384
+R:192950:aes-256-cbc:15.010000
+DT:aes-256-cbc:15:16384
+R:198462:aes-256-cbc:15.030000
+DT:aes-256-cbc:15:16384
+R:195175:aes-256-cbc:15.010000
+DT:aes-256-cbc:15:16384
+R:196091:aes-256-cbc:15.030000
+DT:aes-256-cbc:15:16384
+R:194588:aes-256-cbc:15.040000
+R:196523:aes-256-cbc:15.010000
+DT:aes-256-cbc:15:16384
+DT:aes-256-cbc:15:16384
+R:193092:aes-256-cbc:15.020000
+DT:aes-256-cbc:15:16384
+R:198919:aes-256-cbc:15.030000
+DT:aes-256-cbc:15:16384
+R:195369:aes-256-cbc:15.020000
+DT:aes-256-cbc:15:16384
+R:94001:aes-256-cbc:15.000000
+R:94826:aes-256-cbc:15.000000
+R:94706:aes-256-cbc:15.010000
+R:97648:aes-256-cbc:15.020000
+R:95288:aes-256-cbc:15.020000
+R:97085:aes-256-cbc:15.000000
+R:95602:aes-256-cbc:15.010000
+R:95207:aes-256-cbc:15.020000
+R:95372:aes-256-cbc:15.020000
+R:95425:aes-256-cbc:15.000000
+R:95967:aes-256-cbc:15.000000
+R:94168:aes-256-cbc:15.010000
+R:95236:aes-256-cbc:15.000000
+R:95253:aes-256-cbc:15.000000
+R:95379:aes-256-cbc:15.000000
+R:96318:aes-256-cbc:15.000000
Forked child 15
Got: +H:16:64:256:1024:8192:16384 from 0
Got: +F:21:aes-256-cbc:72791987.21:93836493.00:101415022.52:103088234.35:108170372.85:104353308.99 from 0
Got: +H:16:64:256:1024:8192:16384 from 1
Got: +F:21:aes-256-cbc:73816952.33:95818886.82:103569935.33:104683520.00:108419457.62:104179302.40 from 1
Got: +H:16:64:256:1024:8192:16384 from 2
Got: +F:21:aes-256-cbc:72364844.77:95802692.27:102400392.01:104465521.17:106878075.32:102788042.11 from 2
Got: +H:16:64:256:1024:8192:16384 from 3
Got: +F:21:aes-256-cbc:71719677.23:96433251.43:107246040.77:104356296.47:107256256.90:104023108.27 from 3
Got: +H:16:64:256:1024:8192:16384 from 4
Got: +F:21:aes-256-cbc:72343929.60:94432945.94:105487117.98:104425759.89:106520559.63:104229546.67 from 4
Got: +H:16:64:256:1024:8192:16384 from 5
Got: +F:21:aes-256-cbc:74382669.33:96538542.93:103397137.91:103826782.42:105988357.45:104821555.20 from 5
Got: +H:16:64:256:1024:8192:16384 from 6
Got: +F:21:aes-256-cbc:72470739.81:92959931.78:102353677.81:106365952.00:107150813.87:106515634.62 from 6
Got: +H:16:64:256:1024:8192:16384 from 7
Got: +F:21:aes-256-cbc:72725408.66:95148263.12:104005273.60:101649817.60:108517820.51:103852961.92 from 7
Got: +H:16:64:256:1024:8192:16384 from 8
Got: +F:21:aes-256-cbc:72300808.53:94886327.56:105283283.14:104954542.31:107532014.93:103941317.71 from 8
Got: +H:16:64:256:1024:8192:16384 from 9
Got: +F:21:aes-256-cbc:71813066.13:95661149.87:104131415.04:105608647.04:108060672.00:104032945.94 from 9
Got: +H:16:64:256:1024:8192:16384 from 10
Got: +F:21:aes-256-cbc:72592201.60:93056942.93:104108092.68:103670210.26:106702163.52:103575278.93 from 10
Got: +H:16:64:256:1024:8192:16384 from 11
Got: +F:21:aes-256-cbc:71698469.73:96523978.18:104912657.07:103236721.17:105313559.52:104041676.80 from 11
Got: +H:16:64:256:1024:8192:16384 from 12
Got: +F:21:aes-256-cbc:71848535.11:94986888.53:105513580.81:104772881.07:105663173.92:103375290.07 from 12
Got: +H:16:64:256:1024:8192:16384 from 13
Got: +F:21:aes-256-cbc:72570864.00:95122107.73:104025676.75:108827852.80:107827336.35:102674158.93 from 13
Got: +H:16:64:256:1024:8192:16384 from 14
Got: +F:21:aes-256-cbc:71727425.45:94433395.20:103774832.49:103667728.36:105306222.52:106042709.33 from 14
Got: +H:16:64:256:1024:8192:16384 from 15
Got: +F:21:aes-256-cbc:72864383.49:97636273.77:105232038.35:104626075.10:106555449.27:105204940.80 from 15
version: 3.0.2
built on: Tue Aug 20 17:27:32 2024 UTC
options: bn(64,64)
compiler: gcc -fPIC -pthread -m64 -Wa,--noexecstack -Wall -Wa,--noexecstack -g -O2 -ffile-prefix-map=/build/openssl-aGUoHt/openssl-3.0.2=. -flto=auto -ffat-lto-objects -flto=auto -ffat-lto-objects -fstack-protector-strong -Wformat -Werror=format-security -DOPENSSL_TLS_SECURITY_LEVEL=2 -DOPENSSL_USE_NODELETE -DL_ENDIAN -DOPENSSL_PIC -DOPENSSL_BUILDING_OPENSSL -DNDEBUG -Wdate-time -D_FORTIFY_SOURCE=2
CPUINFO: OPENSSL_ia32cap=0xfffa3203078bffff:0x400604219c07ab
aes-256-cbc    1160031.96k  1523278.07k  1666856.17k  1672226.54k  1711862.31k  1667651.78k
